<?xml version="1.0" encoding="UTF-8"?>
<testsuites>
  <testsuite name="CLI Arguments" tests="140" assertions="320" errors="0" failures="0" skipped="0" time="0.081946">
    <testsuite name="NatanPHP\Tests\Unit\RequestTest" file="/Users/prueba/Desktop/docker/NatanPHP-Framework/docroot/tests/Unit/RequestTest.php" tests="34" assertions="84" errors="0" failures="0" skipped="0" time="0.023640">
      <testcase name="testExceptExcludesSpecifiedFields" file="/Users/prueba/Desktop/docker/NatanPHP-Framework/docroot/tests/Unit/RequestTest.php" line="364" class="NatanPHP\Tests\Unit\RequestTest" classname="NatanPHP.Tests.Unit.RequestTest" assertions="5" time="0.007331"/>
      <testcase name="testIsAjaxDetectsAjaxRequests" file="/Users/prueba/Desktop/docker/NatanPHP-Framework/docroot/tests/Unit/RequestTest.php" line="692" class="NatanPHP\Tests\Unit\RequestTest" classname="NatanPHP.Tests.Unit.RequestTest" assertions="3" time="0.000854"/>
      <testcase name="testPostReturnsDefaultWhenNotFound" file="/Users/prueba/Desktop/docker/NatanPHP-Framework/docroot/tests/Unit/RequestTest.php" line="228" class="NatanPHP\Tests\Unit\RequestTest" classname="NatanPHP.Tests.Unit.RequestTest" assertions="2" time="0.000850"/>
      <testcase name="testIpReturnsClientIpAddress" file="/Users/prueba/Desktop/docker/NatanPHP-Framework/docroot/tests/Unit/RequestTest.php" line="610" class="NatanPHP\Tests\Unit\RequestTest" classname="NatanPHP.Tests.Unit.RequestTest" assertions="2" time="0.000458"/>
      <testcase name="testFileReturnsFileInformation" file="/Users/prueba/Desktop/docker/NatanPHP-Framework/docroot/tests/Unit/RequestTest.php" line="443" class="NatanPHP\Tests\Unit\RequestTest" classname="NatanPHP.Tests.Unit.RequestTest" assertions="4" time="0.000933"/>
      <testcase name="testInputChecksPostBeforeGet" file="/Users/prueba/Desktop/docker/NatanPHP-Framework/docroot/tests/Unit/RequestTest.php" line="250" class="NatanPHP\Tests\Unit\RequestTest" classname="NatanPHP.Tests.Unit.RequestTest" assertions="1" time="0.000384"/>
      <testcase name="testOnlyDoesNotIncludeNonExistentKeys" file="/Users/prueba/Desktop/docker/NatanPHP-Framework/docroot/tests/Unit/RequestTest.php" line="345" class="NatanPHP\Tests\Unit\RequestTest" classname="NatanPHP.Tests.Unit.RequestTest" assertions="3" time="0.000564"/>
      <testcase name="testUriReturnsPathWithoutQueryString" file="/Users/prueba/Desktop/docker/NatanPHP-Framework/docroot/tests/Unit/RequestTest.php" line="127" class="NatanPHP\Tests\Unit\RequestTest" classname="NatanPHP.Tests.Unit.RequestTest" assertions="2" time="0.000430"/>
      <testcase name="testIsPostReturnsTrueForPostRequests" file="/Users/prueba/Desktop/docker/NatanPHP-Framework/docroot/tests/Unit/RequestTest.php" line="105" class="NatanPHP\Tests\Unit\RequestTest" classname="NatanPHP.Tests.Unit.RequestTest" assertions="2" time="0.000408"/>
      <testcase name="testPostReturnsPostParameters" file="/Users/prueba/Desktop/docker/NatanPHP-Framework/docroot/tests/Unit/RequestTest.php" line="213" class="NatanPHP\Tests\Unit\RequestTest" classname="NatanPHP.Tests.Unit.RequestTest" assertions="2" time="0.000389"/>
      <testcase name="testOnlyReturnsSpecifiedFields" file="/Users/prueba/Desktop/docker/NatanPHP-Framework/docroot/tests/Unit/RequestTest.php" line="320" class="NatanPHP\Tests\Unit\RequestTest" classname="NatanPHP.Tests.Unit.RequestTest" assertions="5" time="0.000663"/>
      <testcase name="testHeaderReturnsDefaultWhenNotFound" file="/Users/prueba/Desktop/docker/NatanPHP-Framework/docroot/tests/Unit/RequestTest.php" line="552" class="NatanPHP\Tests\Unit\RequestTest" classname="NatanPHP.Tests.Unit.RequestTest" assertions="2" time="0.000405"/>
      <testcase name="testExtractHeadersNormalizesServerHeaders" file="/Users/prueba/Desktop/docker/NatanPHP-Framework/docroot/tests/Unit/RequestTest.php" line="571" class="NatanPHP\Tests\Unit\RequestTest" classname="NatanPHP.Tests.Unit.RequestTest" assertions="5" time="0.000509"/>
      <testcase name="testIsMethodVerifiesHttpMethod" file="/Users/prueba/Desktop/docker/NatanPHP-Framework/docroot/tests/Unit/RequestTest.php" line="72" class="NatanPHP\Tests\Unit\RequestTest" classname="NatanPHP.Tests.Unit.RequestTest" assertions="3" time="0.000414"/>
      <testcase name="testHasChecksParameterExistence" file="/Users/prueba/Desktop/docker/NatanPHP-Framework/docroot/tests/Unit/RequestTest.php" line="394" class="NatanPHP\Tests\Unit\RequestTest" classname="NatanPHP.Tests.Unit.RequestTest" assertions="4" time="0.000435"/>
      <testcase name="testIpReturnsFallbackWhenNoIp" file="/Users/prueba/Desktop/docker/NatanPHP-Framework/docroot/tests/Unit/RequestTest.php" line="649" class="NatanPHP\Tests\Unit\RequestTest" classname="NatanPHP.Tests.Unit.RequestTest" assertions="1" time="0.000373"/>
      <testcase name="testHasFileVerifiesSuccessfulUpload" file="/Users/prueba/Desktop/docker/NatanPHP-Framework/docroot/tests/Unit/RequestTest.php" line="485" class="NatanPHP\Tests\Unit\RequestTest" classname="NatanPHP.Tests.Unit.RequestTest" assertions="3" time="0.000421"/>
      <testcase name="testWantsJsonDetectsJsonRequests" file="/Users/prueba/Desktop/docker/NatanPHP-Framework/docroot/tests/Unit/RequestTest.php" line="717" class="NatanPHP\Tests\Unit\RequestTest" classname="NatanPHP.Tests.Unit.RequestTest" assertions="3" time="0.000430"/>
      <testcase name="testUriReturnsSlashByDefault" file="/Users/prueba/Desktop/docker/NatanPHP-Framework/docroot/tests/Unit/RequestTest.php" line="145" class="NatanPHP\Tests\Unit\RequestTest" classname="NatanPHP.Tests.Unit.RequestTest" assertions="1" time="0.000362"/>
      <testcase name="testIsGetReturnsTrueForGetRequests" file="/Users/prueba/Desktop/docker/NatanPHP-Framework/docroot/tests/Unit/RequestTest.php" line="88" class="NatanPHP\Tests\Unit\RequestTest" classname="NatanPHP.Tests.Unit.RequestTest" assertions="2" time="0.000392"/>
      <testcase name="testGetReturnsDefaultWhenNotFound" file="/Users/prueba/Desktop/docker/NatanPHP-Framework/docroot/tests/Unit/RequestTest.php" line="194" class="NatanPHP\Tests\Unit\RequestTest" classname="NatanPHP.Tests.Unit.RequestTest" assertions="2" time="0.000385"/>
      <testcase name="testHeaderReturnsHttpHeaders" file="/Users/prueba/Desktop/docker/NatanPHP-Framework/docroot/tests/Unit/RequestTest.php" line="532" class="NatanPHP\Tests\Unit\RequestTest" classname="NatanPHP.Tests.Unit.RequestTest" assertions="3" time="0.000422"/>
      <testcase name="testFileReturnsNullWhenNotFound" file="/Users/prueba/Desktop/docker/NatanPHP-Framework/docroot/tests/Unit/RequestTest.php" line="470" class="NatanPHP\Tests\Unit\RequestTest" classname="NatanPHP.Tests.Unit.RequestTest" assertions="1" time="0.000351"/>
      <testcase name="testGetReturnsGetParameters" file="/Users/prueba/Desktop/docker/NatanPHP-Framework/docroot/tests/Unit/RequestTest.php" line="179" class="NatanPHP\Tests\Unit\RequestTest" classname="NatanPHP.Tests.Unit.RequestTest" assertions="2" time="0.000382"/>
      <testcase name="testMethodReturnsCorrectHttpMethod" file="/Users/prueba/Desktop/docker/NatanPHP-Framework/docroot/tests/Unit/RequestTest.php" line="39" class="NatanPHP\Tests\Unit\RequestTest" classname="NatanPHP.Tests.Unit.RequestTest" assertions="2" time="0.000395"/>
      <testcase name="testIpHandlesMultipleProxyIps" file="/Users/prueba/Desktop/docker/NatanPHP-Framework/docroot/tests/Unit/RequestTest.php" line="633" class="NatanPHP\Tests\Unit\RequestTest" classname="NatanPHP.Tests.Unit.RequestTest" assertions="1" time="0.000602"/>
      <testcase name="testFullUrlReturnsCompleteUrl" file="/Users/prueba/Desktop/docker/NatanPHP-Framework/docroot/tests/Unit/RequestTest.php" line="158" class="NatanPHP\Tests\Unit\RequestTest" classname="NatanPHP.Tests.Unit.RequestTest" assertions="2" time="0.000577"/>
      <testcase name="testMethodReturnsDefaultGet" file="/Users/prueba/Desktop/docker/NatanPHP-Framework/docroot/tests/Unit/RequestTest.php" line="58" class="NatanPHP\Tests\Unit\RequestTest" classname="NatanPHP.Tests.Unit.RequestTest" assertions="1" time="0.000396"/>
      <testcase name="testUserAgentReturnsEmptyStringWhenNotFound" file="/Users/prueba/Desktop/docker/NatanPHP-Framework/docroot/tests/Unit/RequestTest.php" line="677" class="NatanPHP\Tests\Unit\RequestTest" classname="NatanPHP.Tests.Unit.RequestTest" assertions="1" time="0.000392"/>
      <testcase name="testFilledChecksExistenceAndContent" file="/Users/prueba/Desktop/docker/NatanPHP-Framework/docroot/tests/Unit/RequestTest.php" line="415" class="NatanPHP\Tests\Unit\RequestTest" classname="NatanPHP.Tests.Unit.RequestTest" assertions="5" time="0.000604"/>
      <testcase name="testInputReturnsDefaultWhenNotFound" file="/Users/prueba/Desktop/docker/NatanPHP-Framework/docroot/tests/Unit/RequestTest.php" line="282" class="NatanPHP\Tests\Unit\RequestTest" classname="NatanPHP.Tests.Unit.RequestTest" assertions="1" time="0.000402"/>
      <testcase name="testInputReturnsGetWhenNotInPost" file="/Users/prueba/Desktop/docker/NatanPHP-Framework/docroot/tests/Unit/RequestTest.php" line="266" class="NatanPHP\Tests\Unit\RequestTest" classname="NatanPHP.Tests.Unit.RequestTest" assertions="2" time="0.000522"/>
      <testcase name="testAllCombinesGetAndPost" file="/Users/prueba/Desktop/docker/NatanPHP-Framework/docroot/tests/Unit/RequestTest.php" line="298" class="NatanPHP\Tests\Unit\RequestTest" classname="NatanPHP.Tests.Unit.RequestTest" assertions="5" time="0.000566"/>
      <testcase name="testUserAgentReturnsUserAgentString" file="/Users/prueba/Desktop/docker/NatanPHP-Framework/docroot/tests/Unit/RequestTest.php" line="663" class="NatanPHP\Tests\Unit\RequestTest" classname="NatanPHP.Tests.Unit.RequestTest" assertions="1" time="0.000638"/>
    </testsuite>
    <testsuite name="NatanPHP\Tests\Unit\HelpersTest" file="/Users/prueba/Desktop/docker/NatanPHP-Framework/docroot/tests/Unit/HelpersTest.php" tests="6" assertions="10" errors="0" failures="0" skipped="0" time="0.002256">
      <testcase name="testEnvFunctionExists" file="/Users/prueba/Desktop/docker/NatanPHP-Framework/docroot/tests/Unit/HelpersTest.php" line="25" class="NatanPHP\Tests\Unit\HelpersTest" classname="NatanPHP.Tests.Unit.HelpersTest" assertions="1" time="0.000459"/>
      <testcase name="testStrSlugBasicConversion" file="/Users/prueba/Desktop/docker/NatanPHP-Framework/docroot/tests/Unit/HelpersTest.php" line="50" class="NatanPHP\Tests\Unit\HelpersTest" classname="NatanPHP.Tests.Unit.HelpersTest" assertions="1" time="0.000389"/>
      <testcase name="testStrSlugFunctionExists" file="/Users/prueba/Desktop/docker/NatanPHP-Framework/docroot/tests/Unit/HelpersTest.php" line="42" class="NatanPHP\Tests\Unit\HelpersTest" classname="NatanPHP.Tests.Unit.HelpersTest" assertions="1" time="0.000338"/>
      <testcase name="testEnvReturnsDefault" file="/Users/prueba/Desktop/docker/NatanPHP-Framework/docroot/tests/Unit/HelpersTest.php" line="33" class="NatanPHP\Tests\Unit\HelpersTest" classname="NatanPHP.Tests.Unit.HelpersTest" assertions="1" time="0.000322"/>
      <testcase name="testBlankFunctionWorks" file="/Users/prueba/Desktop/docker/NatanPHP-Framework/docroot/tests/Unit/HelpersTest.php" line="59" class="NatanPHP\Tests\Unit\HelpersTest" classname="NatanPHP.Tests.Unit.HelpersTest" assertions="3" time="0.000373"/>
      <testcase name="testFilledFunctionWorks" file="/Users/prueba/Desktop/docker/NatanPHP-Framework/docroot/tests/Unit/HelpersTest.php" line="69" class="NatanPHP\Tests\Unit\HelpersTest" classname="NatanPHP.Tests.Unit.HelpersTest" assertions="3" time="0.000375"/>
    </testsuite>
    <testsuite name="NatanPHP\Tests\Unit\HelpersAdvancedTest" file="/Users/prueba/Desktop/docker/NatanPHP-Framework/docroot/tests/Unit/HelpersAdvancedTest.php" tests="21" assertions="24" errors="0" failures="0" skipped="0" time="0.008104">
      <testcase name="testRouteAcceptsParameters" file="/Users/prueba/Desktop/docker/NatanPHP-Framework/docroot/tests/Unit/HelpersAdvancedTest.php" line="167" class="NatanPHP\Tests\Unit\HelpersAdvancedTest" classname="NatanPHP.Tests.Unit.HelpersAdvancedTest" assertions="1" time="0.000356"/>
      <testcase name="testDdFunctionIsCallable" file="/Users/prueba/Desktop/docker/NatanPHP-Framework/docroot/tests/Unit/HelpersAdvancedTest.php" line="54" class="NatanPHP\Tests\Unit\HelpersAdvancedTest" classname="NatanPHP.Tests.Unit.HelpersAdvancedTest" assertions="1" time="0.000314"/>
      <testcase name="testAssetFunctionExists" file="/Users/prueba/Desktop/docker/NatanPHP-Framework/docroot/tests/Unit/HelpersAdvancedTest.php" line="329" class="NatanPHP\Tests\Unit\HelpersAdvancedTest" classname="NatanPHP.Tests.Unit.HelpersAdvancedTest" assertions="1" time="0.000311"/>
      <testcase name="testUrlGeneratesHttpsUrl" file="/Users/prueba/Desktop/docker/NatanPHP-Framework/docroot/tests/Unit/HelpersAdvancedTest.php" line="226" class="NatanPHP\Tests\Unit\HelpersAdvancedTest" classname="NatanPHP.Tests.Unit.HelpersAdvancedTest" assertions="1" time="0.000557"/>
      <testcase name="testDdFunctionExists" file="/Users/prueba/Desktop/docker/NatanPHP-Framework/docroot/tests/Unit/HelpersAdvancedTest.php" line="40" class="NatanPHP\Tests\Unit\HelpersAdvancedTest" classname="NatanPHP.Tests.Unit.HelpersAdvancedTest" assertions="1" time="0.000332"/>
      <testcase name="testUrlGeneratesHttpUrl" file="/Users/prueba/Desktop/docker/NatanPHP-Framework/docroot/tests/Unit/HelpersAdvancedTest.php" line="202" class="NatanPHP\Tests\Unit\HelpersAdvancedTest" classname="NatanPHP.Tests.Unit.HelpersAdvancedTest" assertions="2" time="0.000744"/>
      <testcase name="testUrlFunctionExists" file="/Users/prueba/Desktop/docker/NatanPHP-Framework/docroot/tests/Unit/HelpersAdvancedTest.php" line="189" class="NatanPHP\Tests\Unit\HelpersAdvancedTest" classname="NatanPHP.Tests.Unit.HelpersAdvancedTest" assertions="1" time="0.000325"/>
      <testcase name="testUrlHandlesPathWithoutLeadingSlash" file="/Users/prueba/Desktop/docker/NatanPHP-Framework/docroot/tests/Unit/HelpersAdvancedTest.php" line="263" class="NatanPHP\Tests\Unit\HelpersAdvancedTest" classname="NatanPHP.Tests.Unit.HelpersAdvancedTest" assertions="1" time="0.000337"/>
      <testcase name="testUrlUsesFallbackHost" file="/Users/prueba/Desktop/docker/NatanPHP-Framework/docroot/tests/Unit/HelpersAdvancedTest.php" line="282" class="NatanPHP\Tests\Unit\HelpersAdvancedTest" classname="NatanPHP.Tests.Unit.HelpersAdvancedTest" assertions="1" time="0.000318"/>
      <testcase name="testUrlHandlesLeadingSlash" file="/Users/prueba/Desktop/docker/NatanPHP-Framework/docroot/tests/Unit/HelpersAdvancedTest.php" line="245" class="NatanPHP\Tests\Unit\HelpersAdvancedTest" classname="NatanPHP.Tests.Unit.HelpersAdvancedTest" assertions="1" time="0.000353"/>
      <testcase name="testUrlWithoutParametersGeneratesBaseUrl" file="/Users/prueba/Desktop/docker/NatanPHP-Framework/docroot/tests/Unit/HelpersAdvancedTest.php" line="308" class="NatanPHP\Tests\Unit\HelpersAdvancedTest" classname="NatanPHP.Tests.Unit.HelpersAdvancedTest" assertions="1" time="0.000338"/>
      <testcase name="testRouteFunctionExists" file="/Users/prueba/Desktop/docker/NatanPHP-Framework/docroot/tests/Unit/HelpersAdvancedTest.php" line="131" class="NatanPHP\Tests\Unit\HelpersAdvancedTest" classname="NatanPHP.Tests.Unit.HelpersAdvancedTest" assertions="1" time="0.000301"/>
      <testcase name="testRouteGeneratesBasicUrl" file="/Users/prueba/Desktop/docker/NatanPHP-Framework/docroot/tests/Unit/HelpersAdvancedTest.php" line="145" class="NatanPHP\Tests\Unit\HelpersAdvancedTest" classname="NatanPHP.Tests.Unit.HelpersAdvancedTest" assertions="2" time="0.000350"/>
      <testcase name="testAssetGeneratesAssetUrl" file="/Users/prueba/Desktop/docker/NatanPHP-Framework/docroot/tests/Unit/HelpersAdvancedTest.php" line="343" class="NatanPHP\Tests\Unit\HelpersAdvancedTest" classname="NatanPHP.Tests.Unit.HelpersAdvancedTest" assertions="2" time="0.000352"/>
      <testcase name="testAssetHandlesLeadingSlash" file="/Users/prueba/Desktop/docker/NatanPHP-Framework/docroot/tests/Unit/HelpersAdvancedTest.php" line="383" class="NatanPHP\Tests\Unit\HelpersAdvancedTest" classname="NatanPHP.Tests.Unit.HelpersAdvancedTest" assertions="1" time="0.000352"/>
      <testcase name="testConfigReturnsDefaultValue" file="/Users/prueba/Desktop/docker/NatanPHP-Framework/docroot/tests/Unit/HelpersAdvancedTest.php" line="83" class="NatanPHP\Tests\Unit\HelpersAdvancedTest" classname="NatanPHP.Tests.Unit.HelpersAdvancedTest" assertions="1" time="0.000322"/>
      <testcase name="testAssetAddsAssetsPrefix" file="/Users/prueba/Desktop/docker/NatanPHP-Framework/docroot/tests/Unit/HelpersAdvancedTest.php" line="365" class="NatanPHP\Tests\Unit\HelpersAdvancedTest" classname="NatanPHP.Tests.Unit.HelpersAdvancedTest" assertions="1" time="0.000771"/>
      <testcase name="testConfigReturnsNullWithoutDefault" file="/Users/prueba/Desktop/docker/NatanPHP-Framework/docroot/tests/Unit/HelpersAdvancedTest.php" line="114" class="NatanPHP\Tests\Unit\HelpersAdvancedTest" classname="NatanPHP.Tests.Unit.HelpersAdvancedTest" assertions="1" time="0.000386"/>
      <testcase name="testConfigHandlesDotNotation" file="/Users/prueba/Desktop/docker/NatanPHP-Framework/docroot/tests/Unit/HelpersAdvancedTest.php" line="100" class="NatanPHP\Tests\Unit\HelpersAdvancedTest" classname="NatanPHP.Tests.Unit.HelpersAdvancedTest" assertions="1" time="0.000349"/>
      <testcase name="testAssetGeneratesFullUrl" file="/Users/prueba/Desktop/docker/NatanPHP-Framework/docroot/tests/Unit/HelpersAdvancedTest.php" line="401" class="NatanPHP\Tests\Unit\HelpersAdvancedTest" classname="NatanPHP.Tests.Unit.HelpersAdvancedTest" assertions="1" time="0.000328"/>
      <testcase name="testConfigFunctionExists" file="/Users/prueba/Desktop/docker/NatanPHP-Framework/docroot/tests/Unit/HelpersAdvancedTest.php" line="69" class="NatanPHP\Tests\Unit\HelpersAdvancedTest" classname="NatanPHP.Tests.Unit.HelpersAdvancedTest" assertions="1" time="0.000308"/>
    </testsuite>
    <testsuite name="NatanPHP\Tests\Unit\FirstTest" file="/Users/prueba/Desktop/docker/NatanPHP-Framework/docroot/tests/Unit/FirstTest.php" tests="2" assertions="3" errors="0" failures="0" skipped="0" time="0.000676">
      <testcase name="testVersionReturnsValidString" file="/Users/prueba/Desktop/docker/NatanPHP-Framework/docroot/tests/Unit/FirstTest.php" line="37" class="NatanPHP\Tests\Unit\FirstTest" classname="NatanPHP.Tests.Unit.FirstTest" assertions="2" time="0.000374"/>
      <testcase name="testVersionFunctionExists" file="/Users/prueba/Desktop/docker/NatanPHP-Framework/docroot/tests/Unit/FirstTest.php" line="27" class="NatanPHP\Tests\Unit\FirstTest" classname="NatanPHP.Tests.Unit.FirstTest" assertions="1" time="0.000303"/>
    </testsuite>
    <testsuite name="NatanPHP\Tests\Integration\FrameworkIntegrationTest" file="/Users/prueba/Desktop/docker/NatanPHP-Framework/docroot/tests/Integration/FrameworkIntegrationTest.php" tests="15" assertions="76" errors="0" failures="0" skipped="0" time="0.011975">
      <testcase name="testCompletePostRequestFlow" file="/Users/prueba/Desktop/docker/NatanPHP-Framework/docroot/tests/Integration/FrameworkIntegrationTest.php" line="255" class="NatanPHP\Tests\Integration\FrameworkIntegrationTest" classname="NatanPHP.Tests.Integration.FrameworkIntegrationTest" assertions="7" time="0.002081"/>
      <testcase name="testRequestDetectsApiRequests" file="/Users/prueba/Desktop/docker/NatanPHP-Framework/docroot/tests/Integration/FrameworkIntegrationTest.php" line="95" class="NatanPHP\Tests\Integration\FrameworkIntegrationTest" classname="NatanPHP.Tests.Integration.FrameworkIntegrationTest" assertions="3" time="0.000564"/>
      <testcase name="testUrlHelperIntegratesWithServer" file="/Users/prueba/Desktop/docker/NatanPHP-Framework/docroot/tests/Integration/FrameworkIntegrationTest.php" line="154" class="NatanPHP\Tests\Integration\FrameworkIntegrationTest" classname="NatanPHP.Tests.Integration.FrameworkIntegrationTest" assertions="1" time="0.000521"/>
      <testcase name="testRouterAndRequestWorkTogether" file="/Users/prueba/Desktop/docker/NatanPHP-Framework/docroot/tests/Integration/FrameworkIntegrationTest.php" line="66" class="NatanPHP\Tests\Integration\FrameworkIntegrationTest" classname="NatanPHP.Tests.Integration.FrameworkIntegrationTest" assertions="5" time="0.000700"/>
      <testcase name="testCompleteGetRequestFlow" file="/Users/prueba/Desktop/docker/NatanPHP-Framework/docroot/tests/Integration/FrameworkIntegrationTest.php" line="224" class="NatanPHP\Tests\Integration\FrameworkIntegrationTest" classname="NatanPHP.Tests.Integration.FrameworkIntegrationTest" assertions="6" time="0.000714"/>
      <testcase name="testCompleteRestfulResourceScenario" file="/Users/prueba/Desktop/docker/NatanPHP-Framework/docroot/tests/Integration/FrameworkIntegrationTest.php" line="403" class="NatanPHP\Tests\Integration\FrameworkIntegrationTest" classname="NatanPHP.Tests.Integration.FrameworkIntegrationTest" assertions="11" time="0.001673"/>
      <testcase name="testRouteGroupsWithMiddlewareIntegration" file="/Users/prueba/Desktop/docker/NatanPHP-Framework/docroot/tests/Integration/FrameworkIntegrationTest.php" line="334" class="NatanPHP\Tests\Integration\FrameworkIntegrationTest" classname="NatanPHP.Tests.Integration.FrameworkIntegrationTest" assertions="10" time="0.001096"/>
      <testcase name="testRouterExtractsParametersForRequest" file="/Users/prueba/Desktop/docker/NatanPHP-Framework/docroot/tests/Integration/FrameworkIntegrationTest.php" line="119" class="NatanPHP\Tests\Integration\FrameworkIntegrationTest" classname="NatanPHP.Tests.Integration.FrameworkIntegrationTest" assertions="4" time="0.000568"/>
      <testcase name="testApiRoutesGroupWithJsonDetection" file="/Users/prueba/Desktop/docker/NatanPHP-Framework/docroot/tests/Integration/FrameworkIntegrationTest.php" line="367" class="NatanPHP\Tests\Integration\FrameworkIntegrationTest" classname="NatanPHP.Tests.Integration.FrameworkIntegrationTest" assertions="4" time="0.000566"/>
      <testcase name="testAssetHelperGeneratesConsistentUrls" file="/Users/prueba/Desktop/docker/NatanPHP-Framework/docroot/tests/Integration/FrameworkIntegrationTest.php" line="198" class="NatanPHP\Tests\Integration\FrameworkIntegrationTest" classname="NatanPHP.Tests.Integration.FrameworkIntegrationTest" assertions="2" time="0.000496"/>
      <testcase name="testAutoDetectWebVsApiEnvironment" file="/Users/prueba/Desktop/docker/NatanPHP-Framework/docroot/tests/Integration/FrameworkIntegrationTest.php" line="525" class="NatanPHP\Tests\Integration\FrameworkIntegrationTest" classname="NatanPHP.Tests.Integration.FrameworkIntegrationTest" assertions="4" time="0.000576"/>
      <testcase name="testCustomHeadersIntegration" file="/Users/prueba/Desktop/docker/NatanPHP-Framework/docroot/tests/Integration/FrameworkIntegrationTest.php" line="492" class="NatanPHP\Tests\Integration\FrameworkIntegrationTest" classname="NatanPHP.Tests.Integration.FrameworkIntegrationTest" assertions="5" time="0.000645"/>
      <testcase name="testRouteHelperExistsForFutureIntegration" file="/Users/prueba/Desktop/docker/NatanPHP-Framework/docroot/tests/Integration/FrameworkIntegrationTest.php" line="173" class="NatanPHP\Tests\Integration\FrameworkIntegrationTest" classname="NatanPHP.Tests.Integration.FrameworkIntegrationTest" assertions="3" time="0.000522"/>
      <testcase name="testAjaxRequestWithJsonData" file="/Users/prueba/Desktop/docker/NatanPHP-Framework/docroot/tests/Integration/FrameworkIntegrationTest.php" line="455" class="NatanPHP\Tests\Integration\FrameworkIntegrationTest" classname="NatanPHP.Tests.Integration.FrameworkIntegrationTest" assertions="6" time="0.000641"/>
      <testcase name="testFileUploadFlow" file="/Users/prueba/Desktop/docker/NatanPHP-Framework/docroot/tests/Integration/FrameworkIntegrationTest.php" line="292" class="NatanPHP\Tests\Integration\FrameworkIntegrationTest" classname="NatanPHP.Tests.Integration.FrameworkIntegrationTest" assertions="5" time="0.000611"/>
    </testsuite>
    <testsuite name="NatanPHP\Tests\Unit\RouterTest" file="/Users/prueba/Desktop/docker/NatanPHP-Framework/docroot/tests/Unit/RouterTest.php" tests="29" assertions="77" errors="0" failures="0" skipped="0" time="0.021086">
      <testcase name="testRouteUrisAreNormalized" file="/Users/prueba/Desktop/docker/NatanPHP-Framework/docroot/tests/Unit/RouterTest.php" line="212" class="NatanPHP\Tests\Unit\RouterTest" classname="NatanPHP.Tests.Unit.RouterTest" assertions="3" time="0.000558"/>
      <testcase name="testGetRegistersGetRoute" file="/Users/prueba/Desktop/docker/NatanPHP-Framework/docroot/tests/Unit/RouterTest.php" line="76" class="NatanPHP\Tests\Unit\RouterTest" classname="NatanPHP.Tests.Unit.RouterTest" assertions="4" time="0.000733"/>
      <testcase name="testDeleteRegistersDeleteRoute" file="/Users/prueba/Desktop/docker/NatanPHP-Framework/docroot/tests/Unit/RouterTest.php" line="129" class="NatanPHP\Tests\Unit\RouterTest" classname="NatanPHP.Tests.Unit.RouterTest" assertions="3" time="0.000578"/>
      <testcase name="testRouteMiddlewareAcceptsArray" file="/Users/prueba/Desktop/docker/NatanPHP-Framework/docroot/tests/Unit/RouterTest.php" line="426" class="NatanPHP\Tests\Unit\RouterTest" classname="NatanPHP.Tests.Unit.RouterTest" assertions="2" time="0.000547"/>
      <testcase name="testRoutesWithParametersAreRegistered" file="/Users/prueba/Desktop/docker/NatanPHP-Framework/docroot/tests/Unit/RouterTest.php" line="253" class="NatanPHP\Tests\Unit\RouterTest" classname="NatanPHP.Tests.Unit.RouterTest" assertions="2" time="0.000482"/>
      <testcase name="testPatchRegistersPatchRoute" file="/Users/prueba/Desktop/docker/NatanPHP-Framework/docroot/tests/Unit/RouterTest.php" line="146" class="NatanPHP\Tests\Unit\RouterTest" classname="NatanPHP.Tests.Unit.RouterTest" assertions="2" time="0.000598"/>
      <testcase name="testEmptyUriBecomesRoot" file="/Users/prueba/Desktop/docker/NatanPHP-Framework/docroot/tests/Unit/RouterTest.php" line="232" class="NatanPHP\Tests\Unit\RouterTest" classname="NatanPHP.Tests.Unit.RouterTest" assertions="2" time="0.000549"/>
      <testcase name="testRouteNameAssignsName" file="/Users/prueba/Desktop/docker/NatanPHP-Framework/docroot/tests/Unit/RouterTest.php" line="462" class="NatanPHP\Tests\Unit\RouterTest" classname="NatanPHP.Tests.Unit.RouterTest" assertions="1" time="0.001002"/>
      <testcase name="testPostRegistersPostRoute" file="/Users/prueba/Desktop/docker/NatanPHP-Framework/docroot/tests/Unit/RouterTest.php" line="94" class="NatanPHP\Tests\Unit\RouterTest" classname="NatanPHP.Tests.Unit.RouterTest" assertions="4" time="0.000846"/>
      <testcase name="testMatchRegistersMultipleMethods" file="/Users/prueba/Desktop/docker/NatanPHP-Framework/docroot/tests/Unit/RouterTest.php" line="163" class="NatanPHP\Tests\Unit\RouterTest" classname="NatanPHP.Tests.Unit.RouterTest" assertions="5" time="0.000792"/>
      <testcase name="testNestedGroupsAccumulatePrefixes" file="/Users/prueba/Desktop/docker/NatanPHP-Framework/docroot/tests/Unit/RouterTest.php" line="367" class="NatanPHP\Tests\Unit\RouterTest" classname="NatanPHP.Tests.Unit.RouterTest" assertions="1" time="0.000504"/>
      <testcase name="testRouteWithoutMiddlewareHasEmptyArray" file="/Users/prueba/Desktop/docker/NatanPHP-Framework/docroot/tests/Unit/RouterTest.php" line="599" class="NatanPHP\Tests\Unit\RouterTest" classname="NatanPHP.Tests.Unit.RouterTest" assertions="2" time="0.000816"/>
      <testcase name="testMultipleRoutesAreAccumulated" file="/Users/prueba/Desktop/docker/NatanPHP-Framework/docroot/tests/Unit/RouterTest.php" line="533" class="NatanPHP\Tests\Unit\RouterTest" classname="NatanPHP.Tests.Unit.RouterTest" assertions="5" time="0.000951"/>
      <testcase name="testAnyRegistersAllHttpMethods" file="/Users/prueba/Desktop/docker/NatanPHP-Framework/docroot/tests/Unit/RouterTest.php" line="182" class="NatanPHP\Tests\Unit\RouterTest" classname="NatanPHP.Tests.Unit.RouterTest" assertions="6" time="0.001112"/>
      <testcase name="testGroupRestoresStateAfterCallback" file="/Users/prueba/Desktop/docker/NatanPHP-Framework/docroot/tests/Unit/RouterTest.php" line="616" class="NatanPHP\Tests\Unit\RouterTest" classname="NatanPHP.Tests.Unit.RouterTest" assertions="3" time="0.000679"/>
      <testcase name="testGetRoutesReturnsAllRoutes" file="/Users/prueba/Desktop/docker/NatanPHP-Framework/docroot/tests/Unit/RouterTest.php" line="500" class="NatanPHP\Tests\Unit\RouterTest" classname="NatanPHP.Tests.Unit.RouterTest" assertions="2" time="0.000882"/>
      <testcase name="testRouteNameAndMiddlewareCanBeCombined" file="/Users/prueba/Desktop/docker/NatanPHP-Framework/docroot/tests/Unit/RouterTest.php" line="478" class="NatanPHP\Tests\Unit\RouterTest" classname="NatanPHP.Tests.Unit.RouterTest" assertions="2" time="0.001281"/>
      <testcase name="testParametersWithDescriptiveNames" file="/Users/prueba/Desktop/docker/NatanPHP-Framework/docroot/tests/Unit/RouterTest.php" line="583" class="NatanPHP\Tests\Unit\RouterTest" classname="NatanPHP.Tests.Unit.RouterTest" assertions="1" time="0.000573"/>
      <testcase name="testGroupWithPrefixAddsPrefix" file="/Users/prueba/Desktop/docker/NatanPHP-Framework/docroot/tests/Unit/RouterTest.php" line="307" class="NatanPHP\Tests\Unit\RouterTest" classname="NatanPHP.Tests.Unit.RouterTest" assertions="3" time="0.000721"/>
      <testcase name="testRouteMiddlewareAddsMiddleware" file="/Users/prueba/Desktop/docker/NatanPHP-Framework/docroot/tests/Unit/RouterTest.php" line="411" class="NatanPHP\Tests\Unit\RouterTest" classname="NatanPHP.Tests.Unit.RouterTest" assertions="1" time="0.000526"/>
      <testcase name="testPutRegistersPutRoute" file="/Users/prueba/Desktop/docker/NatanPHP-Framework/docroot/tests/Unit/RouterTest.php" line="112" class="NatanPHP\Tests\Unit\RouterTest" classname="NatanPHP.Tests.Unit.RouterTest" assertions="3" time="0.000586"/>
      <testcase name="testGetRoutesReturnsEmptyArrayWhenNoRoutes" file="/Users/prueba/Desktop/docker/NatanPHP-Framework/docroot/tests/Unit/RouterTest.php" line="518" class="NatanPHP\Tests\Unit\RouterTest" classname="NatanPHP.Tests.Unit.RouterTest" assertions="2" time="0.000520"/>
      <testcase name="testSameUriDifferentMethodsCoexist" file="/Users/prueba/Desktop/docker/NatanPHP-Framework/docroot/tests/Unit/RouterTest.php" line="563" class="NatanPHP\Tests\Unit\RouterTest" classname="NatanPHP.Tests.Unit.RouterTest" assertions="5" time="0.000686"/>
      <testcase name="testGroupWithMiddlewareAppliesMiddleware" file="/Users/prueba/Desktop/docker/NatanPHP-Framework/docroot/tests/Unit/RouterTest.php" line="328" class="NatanPHP\Tests\Unit\RouterTest" classname="NatanPHP.Tests.Unit.RouterTest" assertions="3" time="0.000709"/>
      <testcase name="testRouteMiddlewareIsChainable" file="/Users/prueba/Desktop/docker/NatanPHP-Framework/docroot/tests/Unit/RouterTest.php" line="442" class="NatanPHP\Tests\Unit\RouterTest" classname="NatanPHP.Tests.Unit.RouterTest" assertions="3" time="0.001430"/>
      <testcase name="testGetParametersReturnsArray" file="/Users/prueba/Desktop/docker/NatanPHP-Framework/docroot/tests/Unit/RouterTest.php" line="271" class="NatanPHP\Tests\Unit\RouterTest" classname="NatanPHP.Tests.Unit.RouterTest" assertions="2" time="0.000788"/>
      <testcase name="testNestedGroupsAccumulateMiddleware" file="/Users/prueba/Desktop/docker/NatanPHP-Framework/docroot/tests/Unit/RouterTest.php" line="386" class="NatanPHP\Tests\Unit\RouterTest" classname="NatanPHP.Tests.Unit.RouterTest" assertions="2" time="0.000637"/>
      <testcase name="testGetParameterWithDefault" file="/Users/prueba/Desktop/docker/NatanPHP-Framework/docroot/tests/Unit/RouterTest.php" line="289" class="NatanPHP\Tests\Unit\RouterTest" classname="NatanPHP.Tests.Unit.RouterTest" assertions="1" time="0.000466"/>
      <testcase name="testGroupWithPrefixAndMiddleware" file="/Users/prueba/Desktop/docker/NatanPHP-Framework/docroot/tests/Unit/RouterTest.php" line="349" class="NatanPHP\Tests\Unit\RouterTest" classname="NatanPHP.Tests.Unit.RouterTest" assertions="2" time="0.000533"/>
    </testsuite>
    <testsuite name="NatanPHP\Tests\Unit\HelpersExpandedTest" file="/Users/prueba/Desktop/docker/NatanPHP-Framework/docroot/tests/Unit/HelpersExpandedTest.php" tests="33" assertions="46" errors="0" failures="0" skipped="0" time="0.014209">
      <testcase name="testFilledDoesNotConsiderFalseAsFilled" file="/Users/prueba/Desktop/docker/NatanPHP-Framework/docroot/tests/Unit/HelpersExpandedTest.php" line="470" class="NatanPHP\Tests\Unit\HelpersExpandedTest" classname="NatanPHP.Tests.Unit.HelpersExpandedTest" assertions="1" time="0.000385"/>
      <testcase name="testEnvConvertsParenthesisFalseToBoolean" file="/Users/prueba/Desktop/docker/NatanPHP-Framework/docroot/tests/Unit/HelpersExpandedTest.php" line="83" class="NatanPHP\Tests\Unit\HelpersExpandedTest" classname="NatanPHP.Tests.Unit.HelpersExpandedTest" assertions="1" time="0.000368"/>
      <testcase name="testFilledIsOppositeOfBlankWithWhitespace" file="/Users/prueba/Desktop/docker/NatanPHP-Framework/docroot/tests/Unit/HelpersExpandedTest.php" line="417" class="NatanPHP\Tests\Unit\HelpersExpandedTest" classname="NatanPHP.Tests.Unit.HelpersExpandedTest" assertions="2" time="0.000386"/>
      <testcase name="testFilledIsOppositeOfBlankWithEmptyString" file="/Users/prueba/Desktop/docker/NatanPHP-Framework/docroot/tests/Unit/HelpersExpandedTest.php" line="408" class="NatanPHP\Tests\Unit\HelpersExpandedTest" classname="NatanPHP.Tests.Unit.HelpersExpandedTest" assertions="2" time="0.000390"/>
      <testcase name="testEnvReturnsActualEnvironmentValue" file="/Users/prueba/Desktop/docker/NatanPHP-Framework/docroot/tests/Unit/HelpersExpandedTest.php" line="158" class="NatanPHP\Tests\Unit\HelpersExpandedTest" classname="NatanPHP.Tests.Unit.HelpersExpandedTest" assertions="1" time="0.000356"/>
      <testcase name="testBlankWithComplexValues" file="/Users/prueba/Desktop/docker/NatanPHP-Framework/docroot/tests/Unit/HelpersExpandedTest.php" line="377" class="NatanPHP\Tests\Unit\HelpersExpandedTest" classname="NatanPHP.Tests.Unit.HelpersExpandedTest" assertions="2" time="0.000364"/>
      <testcase name="testEnvConvertsParenthesisTrueToBoolean" file="/Users/prueba/Desktop/docker/NatanPHP-Framework/docroot/tests/Unit/HelpersExpandedTest.php" line="69" class="NatanPHP\Tests\Unit\HelpersExpandedTest" classname="NatanPHP.Tests.Unit.HelpersExpandedTest" assertions="1" time="0.000348"/>
      <testcase name="testStrSlugHandlesOnlySpecialCharacters" file="/Users/prueba/Desktop/docker/NatanPHP-Framework/docroot/tests/Unit/HelpersExpandedTest.php" line="298" class="NatanPHP\Tests\Unit\HelpersExpandedTest" classname="NatanPHP.Tests.Unit.HelpersExpandedTest" assertions="1" time="0.000366"/>
      <testcase name="testBlankConsidersFalseAsBlank" file="/Users/prueba/Desktop/docker/NatanPHP-Framework/docroot/tests/Unit/HelpersExpandedTest.php" line="369" class="NatanPHP\Tests\Unit\HelpersExpandedTest" classname="NatanPHP.Tests.Unit.HelpersExpandedTest" assertions="1" time="0.000335"/>
      <testcase name="testEnvIsCaseInsensitiveForConversions" file="/Users/prueba/Desktop/docker/NatanPHP-Framework/docroot/tests/Unit/HelpersExpandedTest.php" line="174" class="NatanPHP\Tests\Unit\HelpersExpandedTest" classname="NatanPHP.Tests.Unit.HelpersExpandedTest" assertions="2" time="0.000478"/>
      <testcase name="testFilledHandlesZeroSpecially" file="/Users/prueba/Desktop/docker/NatanPHP-Framework/docroot/tests/Unit/HelpersExpandedTest.php" line="458" class="NatanPHP\Tests\Unit\HelpersExpandedTest" classname="NatanPHP.Tests.Unit.HelpersExpandedTest" assertions="2" time="0.000438"/>
      <testcase name="testBlankDetectsWhitespaceString" file="/Users/prueba/Desktop/docker/NatanPHP-Framework/docroot/tests/Unit/HelpersExpandedTest.php" line="334" class="NatanPHP\Tests\Unit\HelpersExpandedTest" classname="NatanPHP.Tests.Unit.HelpersExpandedTest" assertions="2" time="0.000394"/>
      <testcase name="testFilledIsOppositeOfBlankWithNull" file="/Users/prueba/Desktop/docker/NatanPHP-Framework/docroot/tests/Unit/HelpersExpandedTest.php" line="399" class="NatanPHP\Tests\Unit\HelpersExpandedTest" classname="NatanPHP.Tests.Unit.HelpersExpandedTest" assertions="2" time="0.000455"/>
      <testcase name="testFilledDetectsStringWithContent" file="/Users/prueba/Desktop/docker/NatanPHP-Framework/docroot/tests/Unit/HelpersExpandedTest.php" line="435" class="NatanPHP\Tests\Unit\HelpersExpandedTest" classname="NatanPHP.Tests.Unit.HelpersExpandedTest" assertions="1" time="0.000353"/>
      <testcase name="testStrSlugHandlesMultipleSpaces" file="/Users/prueba/Desktop/docker/NatanPHP-Framework/docroot/tests/Unit/HelpersExpandedTest.php" line="246" class="NatanPHP\Tests\Unit\HelpersExpandedTest" classname="NatanPHP.Tests.Unit.HelpersExpandedTest" assertions="2" time="0.000470"/>
      <testcase name="testStrSlugHandlesEmptyString" file="/Users/prueba/Desktop/docker/NatanPHP-Framework/docroot/tests/Unit/HelpersExpandedTest.php" line="288" class="NatanPHP\Tests\Unit\HelpersExpandedTest" classname="NatanPHP.Tests.Unit.HelpersExpandedTest" assertions="1" time="0.000469"/>
      <testcase name="testBlankDetectsNull" file="/Users/prueba/Desktop/docker/NatanPHP-Framework/docroot/tests/Unit/HelpersExpandedTest.php" line="316" class="NatanPHP\Tests\Unit\HelpersExpandedTest" classname="NatanPHP.Tests.Unit.HelpersExpandedTest" assertions="1" time="0.000393"/>
      <testcase name="testEnvConvertsFalseStringToBoolean" file="/Users/prueba/Desktop/docker/NatanPHP-Framework/docroot/tests/Unit/HelpersExpandedTest.php" line="52" class="NatanPHP\Tests\Unit\HelpersExpandedTest" classname="NatanPHP.Tests.Unit.HelpersExpandedTest" assertions="2" time="0.000420"/>
      <testcase name="testStrSlugConvertsToLowercase" file="/Users/prueba/Desktop/docker/NatanPHP-Framework/docroot/tests/Unit/HelpersExpandedTest.php" line="274" class="NatanPHP\Tests\Unit\HelpersExpandedTest" classname="NatanPHP.Tests.Unit.HelpersExpandedTest" assertions="1" time="0.000370"/>
      <testcase name="testStrSlugRemovesSpecialCharacters" file="/Users/prueba/Desktop/docker/NatanPHP-Framework/docroot/tests/Unit/HelpersExpandedTest.php" line="213" class="NatanPHP\Tests\Unit\HelpersExpandedTest" classname="NatanPHP.Tests.Unit.HelpersExpandedTest" assertions="1" time="0.000613"/>
      <testcase name="testEnvConvertsParenthesisNullToNull" file="/Users/prueba/Desktop/docker/NatanPHP-Framework/docroot/tests/Unit/HelpersExpandedTest.php" line="113" class="NatanPHP\Tests\Unit\HelpersExpandedTest" classname="NatanPHP.Tests.Unit.HelpersExpandedTest" assertions="1" time="0.000610"/>
      <testcase name="testFilledIsOppositeOfBlankWithEmptyArray" file="/Users/prueba/Desktop/docker/NatanPHP-Framework/docroot/tests/Unit/HelpersExpandedTest.php" line="426" class="NatanPHP\Tests\Unit\HelpersExpandedTest" classname="NatanPHP.Tests.Unit.HelpersExpandedTest" assertions="2" time="0.000529"/>
      <testcase name="testBlankHandlesZeroSpecially" file="/Users/prueba/Desktop/docker/NatanPHP-Framework/docroot/tests/Unit/HelpersExpandedTest.php" line="355" class="NatanPHP\Tests\Unit\HelpersExpandedTest" classname="NatanPHP.Tests.Unit.HelpersExpandedTest" assertions="2" time="0.000490"/>
      <testcase name="testEnvConvertsNullStringToNull" file="/Users/prueba/Desktop/docker/NatanPHP-Framework/docroot/tests/Unit/HelpersExpandedTest.php" line="99" class="NatanPHP\Tests\Unit\HelpersExpandedTest" classname="NatanPHP.Tests.Unit.HelpersExpandedTest" assertions="1" time="0.000374"/>
      <testcase name="testEnvConvertsTrueStringToBoolean" file="/Users/prueba/Desktop/docker/NatanPHP-Framework/docroot/tests/Unit/HelpersExpandedTest.php" line="35" class="NatanPHP\Tests\Unit\HelpersExpandedTest" classname="NatanPHP.Tests.Unit.HelpersExpandedTest" assertions="2" time="0.000393"/>
      <testcase name="testEnvConvertsParenthesisEmptyToEmptyString" file="/Users/prueba/Desktop/docker/NatanPHP-Framework/docroot/tests/Unit/HelpersExpandedTest.php" line="141" class="NatanPHP\Tests\Unit\HelpersExpandedTest" classname="NatanPHP.Tests.Unit.HelpersExpandedTest" assertions="1" time="0.000784"/>
      <testcase name="testEnvConvertsEmptyToEmptyString" file="/Users/prueba/Desktop/docker/NatanPHP-Framework/docroot/tests/Unit/HelpersExpandedTest.php" line="127" class="NatanPHP\Tests\Unit\HelpersExpandedTest" classname="NatanPHP.Tests.Unit.HelpersExpandedTest" assertions="1" time="0.000368"/>
      <testcase name="testBlankDetectsEmptyString" file="/Users/prueba/Desktop/docker/NatanPHP-Framework/docroot/tests/Unit/HelpersExpandedTest.php" line="324" class="NatanPHP\Tests\Unit\HelpersExpandedTest" classname="NatanPHP.Tests.Unit.HelpersExpandedTest" assertions="1" time="0.000349"/>
      <testcase name="testStrSlugHandlesSpanishAccents" file="/Users/prueba/Desktop/docker/NatanPHP-Framework/docroot/tests/Unit/HelpersExpandedTest.php" line="197" class="NatanPHP\Tests\Unit\HelpersExpandedTest" classname="NatanPHP.Tests.Unit.HelpersExpandedTest" assertions="1" time="0.000370"/>
      <testcase name="testFilledDetectsArrayWithElements" file="/Users/prueba/Desktop/docker/NatanPHP-Framework/docroot/tests/Unit/HelpersExpandedTest.php" line="443" class="NatanPHP\Tests\Unit\HelpersExpandedTest" classname="NatanPHP.Tests.Unit.HelpersExpandedTest" assertions="1" time="0.000350"/>
      <testcase name="testStrSlugUsesCustomSeparator" file="/Users/prueba/Desktop/docker/NatanPHP-Framework/docroot/tests/Unit/HelpersExpandedTest.php" line="230" class="NatanPHP\Tests\Unit\HelpersExpandedTest" classname="NatanPHP.Tests.Unit.HelpersExpandedTest" assertions="1" time="0.000352"/>
      <testcase name="testStrSlugTrimsLeadingAndTrailingSeparators" file="/Users/prueba/Desktop/docker/NatanPHP-Framework/docroot/tests/Unit/HelpersExpandedTest.php" line="262" class="NatanPHP\Tests\Unit\HelpersExpandedTest" classname="NatanPHP.Tests.Unit.HelpersExpandedTest" assertions="2" time="0.000710"/>
      <testcase name="testBlankDetectsEmptyArray" file="/Users/prueba/Desktop/docker/NatanPHP-Framework/docroot/tests/Unit/HelpersExpandedTest.php" line="343" class="NatanPHP\Tests\Unit\HelpersExpandedTest" classname="NatanPHP.Tests.Unit.HelpersExpandedTest" assertions="1" time="0.000378"/>
    </testsuite>
  </testsuite>
</testsuites>
