<?xml version="1.0" encoding="UTF-8"?>
<testsuites>
  <testsuite name="CLI Arguments" tests="62" assertions="83" errors="0" failures="0" skipped="0" time="0.029538">
    <testsuite name="NatanPHP\Tests\Unit\HelpersTest" file="/Users/prueba/Desktop/docker/NatanPHP-Framework/docroot/tests/Unit/HelpersTest.php" tests="6" assertions="10" errors="0" failures="0" skipped="0" time="0.006741">
      <testcase name="testEnvReturnsDefault" file="/Users/prueba/Desktop/docker/NatanPHP-Framework/docroot/tests/Unit/HelpersTest.php" line="33" class="NatanPHP\Tests\Unit\HelpersTest" classname="NatanPHP.Tests.Unit.HelpersTest" assertions="1" time="0.004952"/>
      <testcase name="testStrSlugFunctionExists" file="/Users/prueba/Desktop/docker/NatanPHP-Framework/docroot/tests/Unit/HelpersTest.php" line="42" class="NatanPHP\Tests\Unit\HelpersTest" classname="NatanPHP.Tests.Unit.HelpersTest" assertions="1" time="0.000437"/>
      <testcase name="testBlankFunctionWorks" file="/Users/prueba/Desktop/docker/NatanPHP-Framework/docroot/tests/Unit/HelpersTest.php" line="59" class="NatanPHP\Tests\Unit\HelpersTest" classname="NatanPHP.Tests.Unit.HelpersTest" assertions="3" time="0.000420"/>
      <testcase name="testStrSlugBasicConversion" file="/Users/prueba/Desktop/docker/NatanPHP-Framework/docroot/tests/Unit/HelpersTest.php" line="50" class="NatanPHP\Tests\Unit\HelpersTest" classname="NatanPHP.Tests.Unit.HelpersTest" assertions="1" time="0.000335"/>
      <testcase name="testEnvFunctionExists" file="/Users/prueba/Desktop/docker/NatanPHP-Framework/docroot/tests/Unit/HelpersTest.php" line="25" class="NatanPHP\Tests\Unit\HelpersTest" classname="NatanPHP.Tests.Unit.HelpersTest" assertions="1" time="0.000272"/>
      <testcase name="testFilledFunctionWorks" file="/Users/prueba/Desktop/docker/NatanPHP-Framework/docroot/tests/Unit/HelpersTest.php" line="69" class="NatanPHP\Tests\Unit\HelpersTest" classname="NatanPHP.Tests.Unit.HelpersTest" assertions="3" time="0.000325"/>
    </testsuite>
    <testsuite name="NatanPHP\Tests\Unit\FirstTest" file="/Users/prueba/Desktop/docker/NatanPHP-Framework/docroot/tests/Unit/FirstTest.php" tests="2" assertions="3" errors="0" failures="0" skipped="0" time="0.001085">
      <testcase name="testVersionFunctionExists" file="/Users/prueba/Desktop/docker/NatanPHP-Framework/docroot/tests/Unit/FirstTest.php" line="27" class="NatanPHP\Tests\Unit\FirstTest" classname="NatanPHP.Tests.Unit.FirstTest" assertions="1" time="0.000307"/>
      <testcase name="testVersionReturnsValidString" file="/Users/prueba/Desktop/docker/NatanPHP-Framework/docroot/tests/Unit/FirstTest.php" line="37" class="NatanPHP\Tests\Unit\FirstTest" classname="NatanPHP.Tests.Unit.FirstTest" assertions="2" time="0.000779"/>
    </testsuite>
    <testsuite name="NatanPHP\Tests\Unit\HelpersAdvancedTest" file="/Users/prueba/Desktop/docker/NatanPHP-Framework/docroot/tests/Unit/HelpersAdvancedTest.php" tests="21" assertions="24" errors="0" failures="0" skipped="0" time="0.009211">
      <testcase name="testAssetFunctionExists" file="/Users/prueba/Desktop/docker/NatanPHP-Framework/docroot/tests/Unit/HelpersAdvancedTest.php" line="329" class="NatanPHP\Tests\Unit\HelpersAdvancedTest" classname="NatanPHP.Tests.Unit.HelpersAdvancedTest" assertions="1" time="0.000324"/>
      <testcase name="testAssetGeneratesFullUrl" file="/Users/prueba/Desktop/docker/NatanPHP-Framework/docroot/tests/Unit/HelpersAdvancedTest.php" line="401" class="NatanPHP\Tests\Unit\HelpersAdvancedTest" classname="NatanPHP.Tests.Unit.HelpersAdvancedTest" assertions="1" time="0.000329"/>
      <testcase name="testAssetGeneratesAssetUrl" file="/Users/prueba/Desktop/docker/NatanPHP-Framework/docroot/tests/Unit/HelpersAdvancedTest.php" line="343" class="NatanPHP\Tests\Unit\HelpersAdvancedTest" classname="NatanPHP.Tests.Unit.HelpersAdvancedTest" assertions="2" time="0.001049"/>
      <testcase name="testDdFunctionIsCallable" file="/Users/prueba/Desktop/docker/NatanPHP-Framework/docroot/tests/Unit/HelpersAdvancedTest.php" line="54" class="NatanPHP\Tests\Unit\HelpersAdvancedTest" classname="NatanPHP.Tests.Unit.HelpersAdvancedTest" assertions="1" time="0.000362"/>
      <testcase name="testConfigReturnsDefaultValue" file="/Users/prueba/Desktop/docker/NatanPHP-Framework/docroot/tests/Unit/HelpersAdvancedTest.php" line="83" class="NatanPHP\Tests\Unit\HelpersAdvancedTest" classname="NatanPHP.Tests.Unit.HelpersAdvancedTest" assertions="1" time="0.000335"/>
      <testcase name="testConfigReturnsNullWithoutDefault" file="/Users/prueba/Desktop/docker/NatanPHP-Framework/docroot/tests/Unit/HelpersAdvancedTest.php" line="114" class="NatanPHP\Tests\Unit\HelpersAdvancedTest" classname="NatanPHP.Tests.Unit.HelpersAdvancedTest" assertions="1" time="0.000483"/>
      <testcase name="testDdFunctionExists" file="/Users/prueba/Desktop/docker/NatanPHP-Framework/docroot/tests/Unit/HelpersAdvancedTest.php" line="40" class="NatanPHP\Tests\Unit\HelpersAdvancedTest" classname="NatanPHP.Tests.Unit.HelpersAdvancedTest" assertions="1" time="0.000323"/>
      <testcase name="testUrlGeneratesHttpsUrl" file="/Users/prueba/Desktop/docker/NatanPHP-Framework/docroot/tests/Unit/HelpersAdvancedTest.php" line="226" class="NatanPHP\Tests\Unit\HelpersAdvancedTest" classname="NatanPHP.Tests.Unit.HelpersAdvancedTest" assertions="1" time="0.000379"/>
      <testcase name="testConfigFunctionExists" file="/Users/prueba/Desktop/docker/NatanPHP-Framework/docroot/tests/Unit/HelpersAdvancedTest.php" line="69" class="NatanPHP\Tests\Unit\HelpersAdvancedTest" classname="NatanPHP.Tests.Unit.HelpersAdvancedTest" assertions="1" time="0.000323"/>
      <testcase name="testUrlHandlesLeadingSlash" file="/Users/prueba/Desktop/docker/NatanPHP-Framework/docroot/tests/Unit/HelpersAdvancedTest.php" line="245" class="NatanPHP\Tests\Unit\HelpersAdvancedTest" classname="NatanPHP.Tests.Unit.HelpersAdvancedTest" assertions="1" time="0.001062"/>
      <testcase name="testUrlWithoutParametersGeneratesBaseUrl" file="/Users/prueba/Desktop/docker/NatanPHP-Framework/docroot/tests/Unit/HelpersAdvancedTest.php" line="308" class="NatanPHP\Tests\Unit\HelpersAdvancedTest" classname="NatanPHP.Tests.Unit.HelpersAdvancedTest" assertions="1" time="0.000363"/>
      <testcase name="testConfigHandlesDotNotation" file="/Users/prueba/Desktop/docker/NatanPHP-Framework/docroot/tests/Unit/HelpersAdvancedTest.php" line="100" class="NatanPHP\Tests\Unit\HelpersAdvancedTest" classname="NatanPHP.Tests.Unit.HelpersAdvancedTest" assertions="1" time="0.000487"/>
      <testcase name="testRouteFunctionExists" file="/Users/prueba/Desktop/docker/NatanPHP-Framework/docroot/tests/Unit/HelpersAdvancedTest.php" line="131" class="NatanPHP\Tests\Unit\HelpersAdvancedTest" classname="NatanPHP.Tests.Unit.HelpersAdvancedTest" assertions="1" time="0.000378"/>
      <testcase name="testUrlFunctionExists" file="/Users/prueba/Desktop/docker/NatanPHP-Framework/docroot/tests/Unit/HelpersAdvancedTest.php" line="189" class="NatanPHP\Tests\Unit\HelpersAdvancedTest" classname="NatanPHP.Tests.Unit.HelpersAdvancedTest" assertions="1" time="0.000358"/>
      <testcase name="testUrlHandlesPathWithoutLeadingSlash" file="/Users/prueba/Desktop/docker/NatanPHP-Framework/docroot/tests/Unit/HelpersAdvancedTest.php" line="263" class="NatanPHP\Tests\Unit\HelpersAdvancedTest" classname="NatanPHP.Tests.Unit.HelpersAdvancedTest" assertions="1" time="0.000372"/>
      <testcase name="testAssetAddsAssetsPrefix" file="/Users/prueba/Desktop/docker/NatanPHP-Framework/docroot/tests/Unit/HelpersAdvancedTest.php" line="365" class="NatanPHP\Tests\Unit\HelpersAdvancedTest" classname="NatanPHP.Tests.Unit.HelpersAdvancedTest" assertions="1" time="0.000573"/>
      <testcase name="testUrlUsesFallbackHost" file="/Users/prueba/Desktop/docker/NatanPHP-Framework/docroot/tests/Unit/HelpersAdvancedTest.php" line="282" class="NatanPHP\Tests\Unit\HelpersAdvancedTest" classname="NatanPHP.Tests.Unit.HelpersAdvancedTest" assertions="1" time="0.000341"/>
      <testcase name="testAssetHandlesLeadingSlash" file="/Users/prueba/Desktop/docker/NatanPHP-Framework/docroot/tests/Unit/HelpersAdvancedTest.php" line="383" class="NatanPHP\Tests\Unit\HelpersAdvancedTest" classname="NatanPHP.Tests.Unit.HelpersAdvancedTest" assertions="1" time="0.000357"/>
      <testcase name="testUrlGeneratesHttpUrl" file="/Users/prueba/Desktop/docker/NatanPHP-Framework/docroot/tests/Unit/HelpersAdvancedTest.php" line="202" class="NatanPHP\Tests\Unit\HelpersAdvancedTest" classname="NatanPHP.Tests.Unit.HelpersAdvancedTest" assertions="2" time="0.000351"/>
      <testcase name="testRouteGeneratesBasicUrl" file="/Users/prueba/Desktop/docker/NatanPHP-Framework/docroot/tests/Unit/HelpersAdvancedTest.php" line="145" class="NatanPHP\Tests\Unit\HelpersAdvancedTest" classname="NatanPHP.Tests.Unit.HelpersAdvancedTest" assertions="2" time="0.000348"/>
      <testcase name="testRouteAcceptsParameters" file="/Users/prueba/Desktop/docker/NatanPHP-Framework/docroot/tests/Unit/HelpersAdvancedTest.php" line="167" class="NatanPHP\Tests\Unit\HelpersAdvancedTest" classname="NatanPHP.Tests.Unit.HelpersAdvancedTest" assertions="1" time="0.000314"/>
    </testsuite>
    <testsuite name="NatanPHP\Tests\Unit\HelpersExpandedTest" file="/Users/prueba/Desktop/docker/NatanPHP-Framework/docroot/tests/Unit/HelpersExpandedTest.php" tests="33" assertions="46" errors="0" failures="0" skipped="0" time="0.012501">
      <testcase name="testBlankDetectsEmptyString" file="/Users/prueba/Desktop/docker/NatanPHP-Framework/docroot/tests/Unit/HelpersExpandedTest.php" line="324" class="NatanPHP\Tests\Unit\HelpersExpandedTest" classname="NatanPHP.Tests.Unit.HelpersExpandedTest" assertions="1" time="0.000358"/>
      <testcase name="testStrSlugTrimsLeadingAndTrailingSeparators" file="/Users/prueba/Desktop/docker/NatanPHP-Framework/docroot/tests/Unit/HelpersExpandedTest.php" line="262" class="NatanPHP\Tests\Unit\HelpersExpandedTest" classname="NatanPHP.Tests.Unit.HelpersExpandedTest" assertions="2" time="0.000693"/>
      <testcase name="testStrSlugUsesCustomSeparator" file="/Users/prueba/Desktop/docker/NatanPHP-Framework/docroot/tests/Unit/HelpersExpandedTest.php" line="230" class="NatanPHP\Tests\Unit\HelpersExpandedTest" classname="NatanPHP.Tests.Unit.HelpersExpandedTest" assertions="1" time="0.000346"/>
      <testcase name="testFilledHandlesZeroSpecially" file="/Users/prueba/Desktop/docker/NatanPHP-Framework/docroot/tests/Unit/HelpersExpandedTest.php" line="458" class="NatanPHP\Tests\Unit\HelpersExpandedTest" classname="NatanPHP.Tests.Unit.HelpersExpandedTest" assertions="2" time="0.000353"/>
      <testcase name="testStrSlugHandlesEmptyString" file="/Users/prueba/Desktop/docker/NatanPHP-Framework/docroot/tests/Unit/HelpersExpandedTest.php" line="288" class="NatanPHP\Tests\Unit\HelpersExpandedTest" classname="NatanPHP.Tests.Unit.HelpersExpandedTest" assertions="1" time="0.000318"/>
      <testcase name="testFilledIsOppositeOfBlankWithEmptyString" file="/Users/prueba/Desktop/docker/NatanPHP-Framework/docroot/tests/Unit/HelpersExpandedTest.php" line="408" class="NatanPHP\Tests\Unit\HelpersExpandedTest" classname="NatanPHP.Tests.Unit.HelpersExpandedTest" assertions="2" time="0.000359"/>
      <testcase name="testEnvReturnsActualEnvironmentValue" file="/Users/prueba/Desktop/docker/NatanPHP-Framework/docroot/tests/Unit/HelpersExpandedTest.php" line="158" class="NatanPHP\Tests\Unit\HelpersExpandedTest" classname="NatanPHP.Tests.Unit.HelpersExpandedTest" assertions="1" time="0.000334"/>
      <testcase name="testFilledIsOppositeOfBlankWithEmptyArray" file="/Users/prueba/Desktop/docker/NatanPHP-Framework/docroot/tests/Unit/HelpersExpandedTest.php" line="426" class="NatanPHP\Tests\Unit\HelpersExpandedTest" classname="NatanPHP.Tests.Unit.HelpersExpandedTest" assertions="2" time="0.000340"/>
      <testcase name="testStrSlugHandlesOnlySpecialCharacters" file="/Users/prueba/Desktop/docker/NatanPHP-Framework/docroot/tests/Unit/HelpersExpandedTest.php" line="298" class="NatanPHP\Tests\Unit\HelpersExpandedTest" classname="NatanPHP.Tests.Unit.HelpersExpandedTest" assertions="1" time="0.000326"/>
      <testcase name="testStrSlugConvertsToLowercase" file="/Users/prueba/Desktop/docker/NatanPHP-Framework/docroot/tests/Unit/HelpersExpandedTest.php" line="274" class="NatanPHP\Tests\Unit\HelpersExpandedTest" classname="NatanPHP.Tests.Unit.HelpersExpandedTest" assertions="1" time="0.000320"/>
      <testcase name="testEnvConvertsNullStringToNull" file="/Users/prueba/Desktop/docker/NatanPHP-Framework/docroot/tests/Unit/HelpersExpandedTest.php" line="99" class="NatanPHP\Tests\Unit\HelpersExpandedTest" classname="NatanPHP.Tests.Unit.HelpersExpandedTest" assertions="1" time="0.000310"/>
      <testcase name="testFilledIsOppositeOfBlankWithNull" file="/Users/prueba/Desktop/docker/NatanPHP-Framework/docroot/tests/Unit/HelpersExpandedTest.php" line="399" class="NatanPHP\Tests\Unit\HelpersExpandedTest" classname="NatanPHP.Tests.Unit.HelpersExpandedTest" assertions="2" time="0.000419"/>
      <testcase name="testEnvConvertsTrueStringToBoolean" file="/Users/prueba/Desktop/docker/NatanPHP-Framework/docroot/tests/Unit/HelpersExpandedTest.php" line="35" class="NatanPHP\Tests\Unit\HelpersExpandedTest" classname="NatanPHP.Tests.Unit.HelpersExpandedTest" assertions="2" time="0.000435"/>
      <testcase name="testBlankConsidersFalseAsBlank" file="/Users/prueba/Desktop/docker/NatanPHP-Framework/docroot/tests/Unit/HelpersExpandedTest.php" line="369" class="NatanPHP\Tests\Unit\HelpersExpandedTest" classname="NatanPHP.Tests.Unit.HelpersExpandedTest" assertions="1" time="0.000373"/>
      <testcase name="testBlankHandlesZeroSpecially" file="/Users/prueba/Desktop/docker/NatanPHP-Framework/docroot/tests/Unit/HelpersExpandedTest.php" line="355" class="NatanPHP\Tests\Unit\HelpersExpandedTest" classname="NatanPHP.Tests.Unit.HelpersExpandedTest" assertions="2" time="0.000344"/>
      <testcase name="testFilledDoesNotConsiderFalseAsFilled" file="/Users/prueba/Desktop/docker/NatanPHP-Framework/docroot/tests/Unit/HelpersExpandedTest.php" line="470" class="NatanPHP\Tests\Unit\HelpersExpandedTest" classname="NatanPHP.Tests.Unit.HelpersExpandedTest" assertions="1" time="0.000327"/>
      <testcase name="testEnvConvertsParenthesisEmptyToEmptyString" file="/Users/prueba/Desktop/docker/NatanPHP-Framework/docroot/tests/Unit/HelpersExpandedTest.php" line="141" class="NatanPHP\Tests\Unit\HelpersExpandedTest" classname="NatanPHP.Tests.Unit.HelpersExpandedTest" assertions="1" time="0.000694"/>
      <testcase name="testEnvConvertsParenthesisTrueToBoolean" file="/Users/prueba/Desktop/docker/NatanPHP-Framework/docroot/tests/Unit/HelpersExpandedTest.php" line="69" class="NatanPHP\Tests\Unit\HelpersExpandedTest" classname="NatanPHP.Tests.Unit.HelpersExpandedTest" assertions="1" time="0.000337"/>
      <testcase name="testFilledDetectsStringWithContent" file="/Users/prueba/Desktop/docker/NatanPHP-Framework/docroot/tests/Unit/HelpersExpandedTest.php" line="435" class="NatanPHP\Tests\Unit\HelpersExpandedTest" classname="NatanPHP.Tests.Unit.HelpersExpandedTest" assertions="1" time="0.000375"/>
      <testcase name="testBlankDetectsEmptyArray" file="/Users/prueba/Desktop/docker/NatanPHP-Framework/docroot/tests/Unit/HelpersExpandedTest.php" line="343" class="NatanPHP\Tests\Unit\HelpersExpandedTest" classname="NatanPHP.Tests.Unit.HelpersExpandedTest" assertions="1" time="0.000405"/>
      <testcase name="testStrSlugHandlesMultipleSpaces" file="/Users/prueba/Desktop/docker/NatanPHP-Framework/docroot/tests/Unit/HelpersExpandedTest.php" line="246" class="NatanPHP\Tests\Unit\HelpersExpandedTest" classname="NatanPHP.Tests.Unit.HelpersExpandedTest" assertions="2" time="0.000446"/>
      <testcase name="testEnvIsCaseInsensitiveForConversions" file="/Users/prueba/Desktop/docker/NatanPHP-Framework/docroot/tests/Unit/HelpersExpandedTest.php" line="174" class="NatanPHP\Tests\Unit\HelpersExpandedTest" classname="NatanPHP.Tests.Unit.HelpersExpandedTest" assertions="2" time="0.000480"/>
      <testcase name="testBlankWithComplexValues" file="/Users/prueba/Desktop/docker/NatanPHP-Framework/docroot/tests/Unit/HelpersExpandedTest.php" line="377" class="NatanPHP\Tests\Unit\HelpersExpandedTest" classname="NatanPHP.Tests.Unit.HelpersExpandedTest" assertions="2" time="0.000391"/>
      <testcase name="testEnvConvertsFalseStringToBoolean" file="/Users/prueba/Desktop/docker/NatanPHP-Framework/docroot/tests/Unit/HelpersExpandedTest.php" line="52" class="NatanPHP\Tests\Unit\HelpersExpandedTest" classname="NatanPHP.Tests.Unit.HelpersExpandedTest" assertions="2" time="0.000444"/>
      <testcase name="testEnvConvertsEmptyToEmptyString" file="/Users/prueba/Desktop/docker/NatanPHP-Framework/docroot/tests/Unit/HelpersExpandedTest.php" line="127" class="NatanPHP\Tests\Unit\HelpersExpandedTest" classname="NatanPHP.Tests.Unit.HelpersExpandedTest" assertions="1" time="0.000339"/>
      <testcase name="testEnvConvertsParenthesisNullToNull" file="/Users/prueba/Desktop/docker/NatanPHP-Framework/docroot/tests/Unit/HelpersExpandedTest.php" line="113" class="NatanPHP\Tests\Unit\HelpersExpandedTest" classname="NatanPHP.Tests.Unit.HelpersExpandedTest" assertions="1" time="0.000319"/>
      <testcase name="testStrSlugHandlesSpanishAccents" file="/Users/prueba/Desktop/docker/NatanPHP-Framework/docroot/tests/Unit/HelpersExpandedTest.php" line="197" class="NatanPHP\Tests\Unit\HelpersExpandedTest" classname="NatanPHP.Tests.Unit.HelpersExpandedTest" assertions="1" time="0.000328"/>
      <testcase name="testStrSlugRemovesSpecialCharacters" file="/Users/prueba/Desktop/docker/NatanPHP-Framework/docroot/tests/Unit/HelpersExpandedTest.php" line="213" class="NatanPHP\Tests\Unit\HelpersExpandedTest" classname="NatanPHP.Tests.Unit.HelpersExpandedTest" assertions="1" time="0.000373"/>
      <testcase name="testBlankDetectsNull" file="/Users/prueba/Desktop/docker/NatanPHP-Framework/docroot/tests/Unit/HelpersExpandedTest.php" line="316" class="NatanPHP\Tests\Unit\HelpersExpandedTest" classname="NatanPHP.Tests.Unit.HelpersExpandedTest" assertions="1" time="0.000296"/>
      <testcase name="testFilledDetectsArrayWithElements" file="/Users/prueba/Desktop/docker/NatanPHP-Framework/docroot/tests/Unit/HelpersExpandedTest.php" line="443" class="NatanPHP\Tests\Unit\HelpersExpandedTest" classname="NatanPHP.Tests.Unit.HelpersExpandedTest" assertions="1" time="0.000311"/>
      <testcase name="testEnvConvertsParenthesisFalseToBoolean" file="/Users/prueba/Desktop/docker/NatanPHP-Framework/docroot/tests/Unit/HelpersExpandedTest.php" line="83" class="NatanPHP\Tests\Unit\HelpersExpandedTest" classname="NatanPHP.Tests.Unit.HelpersExpandedTest" assertions="1" time="0.000320"/>
      <testcase name="testFilledIsOppositeOfBlankWithWhitespace" file="/Users/prueba/Desktop/docker/NatanPHP-Framework/docroot/tests/Unit/HelpersExpandedTest.php" line="417" class="NatanPHP\Tests\Unit\HelpersExpandedTest" classname="NatanPHP.Tests.Unit.HelpersExpandedTest" assertions="2" time="0.000351"/>
      <testcase name="testBlankDetectsWhitespaceString" file="/Users/prueba/Desktop/docker/NatanPHP-Framework/docroot/tests/Unit/HelpersExpandedTest.php" line="334" class="NatanPHP\Tests\Unit\HelpersExpandedTest" classname="NatanPHP.Tests.Unit.HelpersExpandedTest" assertions="2" time="0.000335"/>
    </testsuite>
  </testsuite>
</testsuites>
